  Main.cpp
d:\文件\中原\系統程式\project\assembler\assembler\assembler\gettoken.h(39): warning C4018: '<': signed/unsigned 不相符
d:\文件\中原\系統程式\project\assembler\assembler\assembler\gettoken.h(53): warning C4018: '<': signed/unsigned 不相符
d:\文件\中原\系統程式\project\assembler\assembler\assembler\gettoken.h(157): warning C4018: '<': signed/unsigned 不相符
d:\文件\中原\系統程式\project\assembler\assembler\assembler\gettoken.h(159): warning C4018: '<': signed/unsigned 不相符
d:\文件\中原\系統程式\project\assembler\assembler\assembler\gettoken.h(175): warning C4018: '<': signed/unsigned 不相符
d:\文件\中原\系統程式\project\assembler\assembler\assembler\gettoken.h(293): warning C4018: '<': signed/unsigned 不相符
d:\文件\中原\系統程式\project\assembler\assembler\assembler\gettoken.h(305): warning C4018: '<': signed/unsigned 不相符
d:\文件\中原\系統程式\project\assembler\assembler\assembler\gettoken.h(307): warning C4018: '<': signed/unsigned 不相符
d:\文件\中原\系統程式\project\assembler\assembler\assembler\conftable.h(51): warning C4018: '<': signed/unsigned 不相符
d:\文件\中原\系統程式\project\assembler\assembler\assembler\conftable.h(101): warning C4018: '<': signed/unsigned 不相符
d:\文件\中原\系統程式\project\assembler\assembler\assembler\conftable.h(115): warning C4018: '<': signed/unsigned 不相符
d:\文件\中原\系統程式\project\assembler\assembler\assembler\conftable.h(124): warning C4018: '<': signed/unsigned 不相符
d:\文件\中原\系統程式\project\assembler\assembler\assembler\conftable.h(135): warning C4018: '<': signed/unsigned 不相符
d:\文件\中原\系統程式\project\assembler\assembler\assembler\conftable.h(141): warning C4018: '>': signed/unsigned 不相符
d:\文件\中原\系統程式\project\assembler\assembler\assembler\conftable.h(145): warning C4018: '>': signed/unsigned 不相符
d:\文件\中原\系統程式\project\assembler\assembler\assembler\conftable.h(166): warning C4018: '<': signed/unsigned 不相符
d:\文件\中原\系統程式\project\assembler\assembler\assembler\conftable.h(183): warning C4018: '<': signed/unsigned 不相符
d:\文件\中原\系統程式\project\assembler\assembler\assembler\literaltable.h(52): warning C4018: '<': signed/unsigned 不相符
d:\文件\中原\系統程式\project\assembler\assembler\assembler\sicassembler.h(95): warning C4018: '<': signed/unsigned 不相符
d:\文件\中原\系統程式\project\assembler\assembler\assembler\sicassembler.h(180): warning C4018: '>': signed/unsigned 不相符
d:\文件\中原\系統程式\project\assembler\assembler\assembler\sicassembler.h(185): warning C4018: '>': signed/unsigned 不相符
d:\文件\中原\系統程式\project\assembler\assembler\assembler\sicassembler.h(190): warning C4018: '>': signed/unsigned 不相符
d:\文件\中原\系統程式\project\assembler\assembler\assembler\sicassembler.h(197): warning C4018: '>': signed/unsigned 不相符
d:\文件\中原\系統程式\project\assembler\assembler\assembler\sicassembler.h(203): warning C4018: '>': signed/unsigned 不相符
d:\文件\中原\系統程式\project\assembler\assembler\assembler\sicassembler.h(209): warning C4018: '>': signed/unsigned 不相符
d:\文件\中原\系統程式\project\assembler\assembler\assembler\sicassembler.h(217): warning C4018: '>': signed/unsigned 不相符
d:\文件\中原\系統程式\project\assembler\assembler\assembler\sicassembler.h(221): warning C4018: '>': signed/unsigned 不相符
d:\文件\中原\系統程式\project\assembler\assembler\assembler\sicassembler.h(226): warning C4018: '>': signed/unsigned 不相符
d:\文件\中原\系統程式\project\assembler\assembler\assembler\sicassembler.h(277): warning C4018: '<': signed/unsigned 不相符
d:\文件\中原\系統程式\project\assembler\assembler\assembler\xeassembler.h(46): warning C4018: '<': signed/unsigned 不相符
d:\文件\中原\系統程式\project\assembler\assembler\assembler\xeassembler.h(37): warning C4101: 'j': 未參考的區域變數
d:\文件\中原\系統程式\project\assembler\assembler\assembler\main.cpp(72): warning C4018: '<': signed/unsigned 不相符
  Assembler.vcxproj -> D:\文件\中原\系統程式\Project\Assembler\Assembler\Debug\Assembler.exe
